<?xml version="1.0" encoding="UTF-8"?>
<!-- Generated by org.testng.reporters.JUnitXMLReporter -->
<testsuite ignored="8" hostname="Sumits-MacBook-Pro.local" failures="0" tests="1" name="Test" time="9.808" errors="0" timestamp="2023-08-09T13:29:30 IST">
  <testcase classname="UI.BaseClass" name="@AfterMethod checkStatus" time="0.295">
    <failure type="java.lang.NullPointerException" message="Cannot invoke &amp;quot;com.aventstack.extentreports.ExtentTest.pass(String)&amp;quot; because &amp;quot;UI.BaseClass.extentTest&amp;quot; is null">
      <![CDATA[java.lang.NullPointerException: Cannot invoke "com.aventstack.extentreports.ExtentTest.pass(String)" because "UI.BaseClass.extentTest" is null
at UI.BaseClass.checkStatus(BaseClass.java:78)
at java.base/java.util.ArrayList.forEach(ArrayList.java:1511)
... Removed 32 stack frames]]>
    </failure>
  </testcase> <!-- @AfterMethod checkStatus -->
  <testcase classname="UI.step.TestNgGrouping" name="teatSanity" time="0.017"/>
  <testcase classname="UI.step.TestNgGrouping" name="teatRegression" time="0.0">
    <ignored/>
  </testcase> <!-- teatRegression -->
  <testcase classname="UI.step.TestNgGrouping" name="teatInclude" time="0.0">
    <ignored/>
  </testcase> <!-- teatInclude -->
  <testcase classname="UI.step.TestNgGrouping" name="teatDependsOnGroup" time="0.0">
    <ignored/>
  </testcase> <!-- teatDependsOnGroup -->
  <testcase classname="UI.step.TestNgGrouping" name="teatSmoke" time="0.0">
    <ignored/>
  </testcase> <!-- teatSmoke -->
  <testcase classname="UI.step.TestNgGrouping" name="dependentMethodTest" time="0.0">
    <ignored/>
  </testcase> <!-- dependentMethodTest -->
  <testcase classname="UI.step.TestNgGrouping" name="dependsGroupTest" time="0.0">
    <ignored/>
  </testcase> <!-- dependsGroupTest -->
  <testcase classname="UI.step.TestNgGrouping" name="teatDisabled" time="0.0">
    <ignored/>
  </testcase> <!-- teatDisabled -->
  <testcase classname="UI.step.TestNgGrouping" name="teatDependsOnMethod" time="0.0">
    <ignored/>
  </testcase> <!-- teatDependsOnMethod -->
</testsuite> <!-- Test -->
