<?xml version="1.0" encoding="UTF-8"?>
<!-- Generated by org.testng.reporters.JUnitXMLReporter -->
<testsuite ignored="0" hostname="Sumits-MacBook-Pro.local" failures="1" tests="1" name="BrowseFacebookStep" time="18.189" errors="0" timestamp="2023-07-29T01:31:35 IST">
  <testcase classname="UI.step.BrowseFacebookStep" name="testFBLoginFeature" time="7.029">
    <failure type="java.lang.AssertionError" message="expected [sumit] but found [ram]">
      <![CDATA[java.lang.AssertionError: expected [sumit] but found [ram]
at UI.step.BrowseFacebookStep.testFBLoginFeature(BrowseFacebookStep.java:21)
at java.base/java.util.ArrayList.forEach(ArrayList.java:1511)
... Removed 32 stack frames]]>
    </failure>
  </testcase> <!-- testFBLoginFeature -->
</testsuite> <!-- BrowseFacebookStep -->
