<?xml version="1.0" encoding="UTF-8"?>
<testng-results ignored="0" total="1" passed="1" failed="0" skipped="0">
  <reporter-output>
  </reporter-output>
  <suite started-at="2023-07-31T10:31:09 IST" name="Default suite" finished-at="2023-07-31T10:31:13 IST" duration-ms="4171">
    <groups>
    </groups>
    <test started-at="2023-07-31T10:31:09 IST" name="Default test" finished-at="2023-07-31T10:31:13 IST" duration-ms="4171">
      <class name="api.request.DoPostRequest">
        <test-method signature="doGetRequest(api.requestDTO.PostRequestBodyDTO)[pri:0, instance:api.request.DoPostRequest@338fc1d8]" started-at="2023-07-31T10:31:09 IST" name="doGetRequest" data-provider="API-POSTRequest-Body" finished-at="2023-07-31T10:31:13 IST" duration-ms="4106" status="PASS">
          <params>
            <param index="0">
              <value>
                <![CDATA[PostRequestBodyDTO :{name=test, salary=123, age=23}]]>
              </value>
            </param>
          </params>
          <reporter-output>
          </reporter-output>
        </test-method> <!-- doGetRequest -->
      </class> <!-- api.request.DoPostRequest -->
    </test> <!-- Default test -->
  </suite> <!-- Default suite -->
</testng-results>
