<?xml version="1.0" encoding="UTF-8"?>
<testng-results ignored="1" total="9" passed="8" failed="0" skipped="0">
  <reporter-output>
  </reporter-output>
  <suite started-at="2023-08-09T13:30:27 IST" name="Default suite" finished-at="2023-08-09T13:30:28 IST" duration-ms="257">
    <groups>
      <group name="regression">
        <method signature="TestNgGrouping.teatRegression()[pri:0, instance:UI.step.TestNgGrouping@74c79fa2]" name="teatRegression" class="UI.step.TestNgGrouping"/>
      </group> <!-- regression -->
      <group name="smoke">
        <method signature="TestNgGrouping.teatSmoke()[pri:0, instance:UI.step.TestNgGrouping@74c79fa2]" name="teatSmoke" class="UI.step.TestNgGrouping"/>
      </group> <!-- smoke -->
      <group name="sanity">
        <method signature="TestNgGrouping.teatSanity()[pri:0, instance:UI.step.TestNgGrouping@74c79fa2]" name="teatSanity" class="UI.step.TestNgGrouping"/>
      </group> <!-- sanity -->
      <group name="abcd">
        <method signature="TestNgGrouping.dependsGroupTest()[pri:0, instance:UI.step.TestNgGrouping@74c79fa2]" name="dependsGroupTest" class="UI.step.TestNgGrouping"/>
      </group> <!-- abcd -->
    </groups>
    <test started-at="2023-08-09T13:30:27 IST" name="Default test" finished-at="2023-08-09T13:30:28 IST" duration-ms="257">
      <class name="UI.step.TestNgGrouping">
        <test-method signature="dependentMethodTest()[pri:0, instance:UI.step.TestNgGrouping@74c79fa2]" started-at="2023-08-09T13:30:28 IST" name="dependentMethodTest" finished-at="2023-08-09T13:30:28 IST" duration-ms="14" status="PASS">
          <reporter-output>
          </reporter-output>
        </test-method> <!-- dependentMethodTest -->
        <test-method signature="dependsGroupTest()[pri:0, instance:UI.step.TestNgGrouping@74c79fa2]" started-at="2023-08-09T13:30:28 IST" name="dependsGroupTest" finished-at="2023-08-09T13:30:28 IST" duration-ms="3" status="PASS">
          <reporter-output>
          </reporter-output>
        </test-method> <!-- dependsGroupTest -->
        <test-method signature="teatDependsOnGroup()[pri:0, instance:UI.step.TestNgGrouping@74c79fa2]" started-at="2023-08-09T13:30:28 IST" name="teatDependsOnGroup" depends-on-groups="abcd" finished-at="2023-08-09T13:30:28 IST" duration-ms="5" status="PASS">
          <reporter-output>
          </reporter-output>
        </test-method> <!-- teatDependsOnGroup -->
        <test-method signature="teatDependsOnMethod()[pri:0, instance:UI.step.TestNgGrouping@74c79fa2]" started-at="2023-08-09T13:30:28 IST" name="teatDependsOnMethod" finished-at="2023-08-09T13:30:28 IST" depends-on-methods="UI.step.TestNgGrouping.dependentMethodTest" duration-ms="5" status="PASS">
          <reporter-output>
          </reporter-output>
        </test-method> <!-- teatDependsOnMethod -->
        <test-method signature="teatInclude()[pri:0, instance:UI.step.TestNgGrouping@74c79fa2]" started-at="2023-08-09T13:30:28 IST" name="teatInclude" finished-at="2023-08-09T13:30:28 IST" duration-ms="4" status="PASS">
          <reporter-output>
          </reporter-output>
        </test-method> <!-- teatInclude -->
        <test-method signature="teatRegression()[pri:0, instance:UI.step.TestNgGrouping@74c79fa2]" started-at="2023-08-09T13:30:28 IST" name="teatRegression" finished-at="2023-08-09T13:30:28 IST" duration-ms="3" status="PASS">
          <reporter-output>
          </reporter-output>
        </test-method> <!-- teatRegression -->
        <test-method signature="teatSanity()[pri:0, instance:UI.step.TestNgGrouping@74c79fa2]" started-at="2023-08-09T13:30:28 IST" name="teatSanity" finished-at="2023-08-09T13:30:28 IST" duration-ms="3" status="PASS">
          <reporter-output>
          </reporter-output>
        </test-method> <!-- teatSanity -->
        <test-method signature="teatSmoke()[pri:0, instance:UI.step.TestNgGrouping@74c79fa2]" started-at="2023-08-09T13:30:28 IST" name="teatSmoke" finished-at="2023-08-09T13:30:28 IST" duration-ms="7" status="PASS">
          <reporter-output>
          </reporter-output>
        </test-method> <!-- teatSmoke -->
      </class> <!-- UI.step.TestNgGrouping -->
    </test> <!-- Default test -->
  </suite> <!-- Default suite -->
</testng-results>
