<?xml version="1.0" encoding="UTF-8"?>
<!-- Generated by org.testng.reporters.JUnitXMLReporter -->
<testsuite ignored="0" hostname="Sumits-MacBook-Pro.local" failures="1" tests="1" name="SmokeTest" time="0.631" errors="0" timestamp="2023-08-08T16:08:48 IST">
  <testcase classname="UI.step.BrowseFacebookStep" name="testFBLoginFeature" time="0.295">
    <failure type="java.lang.NullPointerException" message="Cannot invoke &amp;quot;org.openqa.selenium.WebDriver.get(String)&amp;quot; because &amp;quot;UI.step.BrowseFacebookStep.driver&amp;quot; is null">
      <![CDATA[java.lang.NullPointerException: Cannot invoke "org.openqa.selenium.WebDriver.get(String)" because "UI.step.BrowseFacebookStep.driver" is null
at UI.step.BrowseFacebookStep.testFBLoginFeature(BrowseFacebookStep.java:15)
at java.base/java.util.ArrayList.forEach(ArrayList.java:1511)
... Removed 27 stack frames]]>
    </failure>
  </testcase> <!-- testFBLoginFeature -->
</testsuite> <!-- SmokeTest -->
